<?xml version="1.0" encoding="UTF-8"?>
<!-- Generated by org.testng.reporters.JUnitXMLReporter -->
<testsuite ignored="0" hostname="LloydWalton" failures="0" tests="3" name="Free CRM Application Test Cases" time="30.107" errors="0" timestamp="2021-04-13T15:24:07 IST">
  <testcase classname="com.qa.crm.testcases.LoginPageTest" name="titleTest" time="0.044"/>
  <testcase classname="com.qa.crm.testcases.LoginPageTest" name="crmLogoTest" time="0.298"/>
  <testcase classname="com.qa.crm.testcases.LoginPageTest" name="loginTest" time="6.335"/>
</testsuite> <!-- Free CRM Application Test Cases -->
