<?xml version="1.0" encoding="UTF-8"?>
<testng-results ignored="0" total="3" passed="3" failed="0" skipped="0">
  <reporter-output>
  </reporter-output>
  <suite started-at="2021-04-23T23:19:45 IST" name="Free CRM Via POM Suite - Sanity" finished-at="2021-04-23T23:20:23 IST" duration-ms="38015">
    <groups>
    </groups>
    <test started-at="2021-04-23T23:19:45 IST" name="Free CRM Application Test Cases" finished-at="2021-04-23T23:20:23 IST" duration-ms="38015">
      <class name="com.qa.crm.testcases.LoginPageTest">
        <test-method is-config="true" signature="setUp()[pri:0, instance:com.qa.crm.testcases.LoginPageTest@4a22f9e2]" started-at="2021-04-23T23:19:45 IST" name="setUp" finished-at="2021-04-23T23:19:55 IST" duration-ms="10181" status="PASS">
          <reporter-output>
          </reporter-output>
        </test-method> <!-- setUp -->
        <test-method signature="titleTest()[pri:1, instance:com.qa.crm.testcases.LoginPageTest@4a22f9e2]" started-at="2021-04-23T23:19:55 IST" name="titleTest" finished-at="2021-04-23T23:19:55 IST" duration-ms="24" status="PASS">
          <reporter-output>
          </reporter-output>
        </test-method> <!-- titleTest -->
        <test-method is-config="true" signature="tearDown()[pri:0, instance:com.qa.crm.testcases.LoginPageTest@4a22f9e2]" started-at="2021-04-23T23:19:55 IST" name="tearDown" finished-at="2021-04-23T23:19:56 IST" duration-ms="1055" status="PASS">
          <reporter-output>
          </reporter-output>
        </test-method> <!-- tearDown -->
        <test-method is-config="true" signature="setUp()[pri:0, instance:com.qa.crm.testcases.LoginPageTest@4a22f9e2]" started-at="2021-04-23T23:19:56 IST" name="setUp" finished-at="2021-04-23T23:20:05 IST" duration-ms="8993" status="PASS">
          <reporter-output>
          </reporter-output>
        </test-method> <!-- setUp -->
        <test-method signature="crmLogoTest()[pri:2, instance:com.qa.crm.testcases.LoginPageTest@4a22f9e2]" started-at="2021-04-23T23:20:05 IST" name="crmLogoTest" finished-at="2021-04-23T23:20:05 IST" duration-ms="112" status="PASS">
          <reporter-output>
          </reporter-output>
        </test-method> <!-- crmLogoTest -->
        <test-method is-config="true" signature="tearDown()[pri:0, instance:com.qa.crm.testcases.LoginPageTest@4a22f9e2]" started-at="2021-04-23T23:20:05 IST" name="tearDown" finished-at="2021-04-23T23:20:06 IST" duration-ms="961" status="PASS">
          <reporter-output>
          </reporter-output>
        </test-method> <!-- tearDown -->
        <test-method is-config="true" signature="setUp()[pri:0, instance:com.qa.crm.testcases.LoginPageTest@4a22f9e2]" started-at="2021-04-23T23:20:06 IST" name="setUp" finished-at="2021-04-23T23:20:14 IST" duration-ms="8285" status="PASS">
          <reporter-output>
          </reporter-output>
        </test-method> <!-- setUp -->
        <test-method signature="loginTest()[pri:3, instance:com.qa.crm.testcases.LoginPageTest@4a22f9e2]" started-at="2021-04-23T23:20:14 IST" name="loginTest" finished-at="2021-04-23T23:20:22 IST" duration-ms="7394" status="PASS">
          <reporter-output>
          </reporter-output>
        </test-method> <!-- loginTest -->
        <test-method is-config="true" signature="tearDown()[pri:0, instance:com.qa.crm.testcases.LoginPageTest@4a22f9e2]" started-at="2021-04-23T23:20:22 IST" name="tearDown" finished-at="2021-04-23T23:20:23 IST" duration-ms="956" status="PASS">
          <reporter-output>
          </reporter-output>
        </test-method> <!-- tearDown -->
      </class> <!-- com.qa.crm.testcases.LoginPageTest -->
    </test> <!-- Free CRM Application Test Cases -->
  </suite> <!-- Free CRM Via POM Suite - Sanity -->
</testng-results>
