<?xml version="1.0" encoding="UTF-8"?>
<!-- Generated by org.testng.reporters.JUnitXMLReporter -->
<testsuite ignored="0" hostname="LloydWalton" failures="0" tests="3" name="Free CRM Application Test Cases" time="38.015" errors="0" timestamp="2021-04-23T23:20:23 IST">
  <testcase classname="com.qa.crm.testcases.LoginPageTest" name="titleTest" time="0.024"/>
  <testcase classname="com.qa.crm.testcases.LoginPageTest" name="crmLogoTest" time="0.112"/>
  <testcase classname="com.qa.crm.testcases.LoginPageTest" name="loginTest" time="7.394"/>
</testsuite> <!-- Free CRM Application Test Cases -->
