<?xml version="1.0" encoding="UTF-8"?>
<!-- Generated by org.testng.reporters.JUnitXMLReporter -->
<testsuite ignored="0" hostname="LloydWalton" failures="0" tests="12" name="Surefire test" time="235.672" errors="0" timestamp="2021-04-25T02:01:06 IST">
  <testcase classname="com.qa.crm.testcases.ContactPageTest" name="verifyContactsLabelTest" time="0.07"/>
  <testcase classname="com.qa.crm.testcases.ContactPageTest" name="clickOnSingleContactsTest" time="0.252"/>
  <testcase classname="com.qa.crm.testcases.ContactPageTest" name="clickOnMultipleContactsTest" time="0.491"/>
  <testcase classname="com.qa.crm.testcases.ContactPageTest" name="validateCreateNewContact" time="3.837"/>
  <testcase classname="com.qa.crm.testcases.ContactPageTest" name="validateCreateNewContact" time="3.374"/>
  <testcase classname="com.qa.crm.testcases.ContactPageTest" name="validateCreateNewContact" time="3.647"/>
  <testcase classname="com.qa.crm.testcases.HomePageTest" name="verifyHomePageTitleTest" time="0.009"/>
  <testcase classname="com.qa.crm.testcases.HomePageTest" name="verifyHomePageUserNameTest" time="0.074"/>
  <testcase classname="com.qa.crm.testcases.HomePageTest" name="verifyContactsLinkTest" time="1.2"/>
  <testcase classname="com.qa.crm.testcases.LoginPageTest" name="titleTest" time="0.013"/>
  <testcase classname="com.qa.crm.testcases.LoginPageTest" name="crmLogoTest" time="0.081"/>
  <testcase classname="com.qa.crm.testcases.LoginPageTest" name="loginTest" time="7.508"/>
</testsuite> <!-- Surefire test -->
