<?xml version="1.0" encoding="UTF-8"?>
<testng-results ignored="0" total="12" passed="12" failed="0" skipped="0">
  <reporter-output>
  </reporter-output>
  <suite started-at="2021-04-25T01:57:09 IST" name="Surefire suite" finished-at="2021-04-25T02:01:04 IST" duration-ms="235672">
    <groups>
    </groups>
    <test started-at="2021-04-25T01:57:09 IST" name="Surefire test" finished-at="2021-04-25T02:01:04 IST" duration-ms="235672">
      <class name="com.qa.crm.testcases.LoginPageTest">
        <test-method is-config="true" signature="setUp()[pri:0, instance:com.qa.crm.testcases.LoginPageTest@64c87930]" started-at="2021-04-25T02:00:24 IST" name="setUp" finished-at="2021-04-25T02:00:34 IST" duration-ms="9702" status="PASS">
          <reporter-output>
          </reporter-output>
        </test-method> <!-- setUp -->
        <test-method signature="titleTest()[pri:1, instance:com.qa.crm.testcases.LoginPageTest@64c87930]" started-at="2021-04-25T02:00:34 IST" name="titleTest" finished-at="2021-04-25T02:00:34 IST" duration-ms="13" status="PASS">
          <reporter-output>
          </reporter-output>
        </test-method> <!-- titleTest -->
        <test-method is-config="true" signature="tearDown()[pri:0, instance:com.qa.crm.testcases.LoginPageTest@64c87930]" started-at="2021-04-25T02:00:34 IST" name="tearDown" finished-at="2021-04-25T02:00:35 IST" duration-ms="1136" status="PASS">
          <reporter-output>
          </reporter-output>
        </test-method> <!-- tearDown -->
        <test-method is-config="true" signature="setUp()[pri:0, instance:com.qa.crm.testcases.LoginPageTest@64c87930]" started-at="2021-04-25T02:00:35 IST" name="setUp" finished-at="2021-04-25T02:00:45 IST" duration-ms="9631" status="PASS">
          <reporter-output>
          </reporter-output>
        </test-method> <!-- setUp -->
        <test-method signature="crmLogoTest()[pri:2, instance:com.qa.crm.testcases.LoginPageTest@64c87930]" started-at="2021-04-25T02:00:45 IST" name="crmLogoTest" finished-at="2021-04-25T02:00:45 IST" duration-ms="81" status="PASS">
          <reporter-output>
          </reporter-output>
        </test-method> <!-- crmLogoTest -->
        <test-method is-config="true" signature="tearDown()[pri:0, instance:com.qa.crm.testcases.LoginPageTest@64c87930]" started-at="2021-04-25T02:00:45 IST" name="tearDown" finished-at="2021-04-25T02:00:46 IST" duration-ms="1110" status="PASS">
          <reporter-output>
          </reporter-output>
        </test-method> <!-- tearDown -->
        <test-method is-config="true" signature="setUp()[pri:0, instance:com.qa.crm.testcases.LoginPageTest@64c87930]" started-at="2021-04-25T02:00:46 IST" name="setUp" finished-at="2021-04-25T02:00:55 IST" duration-ms="9469" status="PASS">
          <reporter-output>
          </reporter-output>
        </test-method> <!-- setUp -->
        <test-method signature="loginTest()[pri:3, instance:com.qa.crm.testcases.LoginPageTest@64c87930]" started-at="2021-04-25T02:00:55 IST" name="loginTest" finished-at="2021-04-25T02:01:03 IST" duration-ms="7508" status="PASS">
          <reporter-output>
          </reporter-output>
        </test-method> <!-- loginTest -->
        <test-method is-config="true" signature="tearDown()[pri:0, instance:com.qa.crm.testcases.LoginPageTest@64c87930]" started-at="2021-04-25T02:01:03 IST" name="tearDown" finished-at="2021-04-25T02:01:04 IST" duration-ms="1611" status="PASS">
          <reporter-output>
          </reporter-output>
        </test-method> <!-- tearDown -->
      </class> <!-- com.qa.crm.testcases.LoginPageTest -->
      <class name="com.qa.crm.testcases.ContactPageTest">
        <test-method is-config="true" signature="login()[pri:0, instance:com.qa.crm.testcases.ContactPageTest@b7f23d9]" started-at="2021-04-25T01:57:09 IST" name="login" finished-at="2021-04-25T01:57:34 IST" duration-ms="24921" status="PASS">
          <reporter-output>
          </reporter-output>
        </test-method> <!-- login -->
        <test-method signature="verifyContactsLabelTest()[pri:1, instance:com.qa.crm.testcases.ContactPageTest@b7f23d9]" started-at="2021-04-25T01:57:34 IST" name="verifyContactsLabelTest" finished-at="2021-04-25T01:57:34 IST" duration-ms="70" status="PASS">
          <reporter-output>
          </reporter-output>
        </test-method> <!-- verifyContactsLabelTest -->
        <test-method is-config="true" signature="tearDown()[pri:0, instance:com.qa.crm.testcases.ContactPageTest@b7f23d9]" started-at="2021-04-25T01:57:34 IST" name="tearDown" finished-at="2021-04-25T01:57:35 IST" duration-ms="1355" status="PASS">
          <reporter-output>
          </reporter-output>
        </test-method> <!-- tearDown -->
        <test-method is-config="true" signature="login()[pri:0, instance:com.qa.crm.testcases.ContactPageTest@b7f23d9]" started-at="2021-04-25T01:57:35 IST" name="login" finished-at="2021-04-25T01:57:54 IST" duration-ms="19157" status="PASS">
          <reporter-output>
          </reporter-output>
        </test-method> <!-- login -->
        <test-method signature="clickOnSingleContactsTest()[pri:2, instance:com.qa.crm.testcases.ContactPageTest@b7f23d9]" started-at="2021-04-25T01:57:54 IST" name="clickOnSingleContactsTest" finished-at="2021-04-25T01:57:54 IST" duration-ms="252" status="PASS">
          <reporter-output>
          </reporter-output>
        </test-method> <!-- clickOnSingleContactsTest -->
        <test-method is-config="true" signature="tearDown()[pri:0, instance:com.qa.crm.testcases.ContactPageTest@b7f23d9]" started-at="2021-04-25T01:57:54 IST" name="tearDown" finished-at="2021-04-25T01:57:56 IST" duration-ms="1193" status="PASS">
          <reporter-output>
          </reporter-output>
        </test-method> <!-- tearDown -->
        <test-method is-config="true" signature="login()[pri:0, instance:com.qa.crm.testcases.ContactPageTest@b7f23d9]" started-at="2021-04-25T01:57:56 IST" name="login" finished-at="2021-04-25T01:58:14 IST" duration-ms="18867" status="PASS">
          <reporter-output>
          </reporter-output>
        </test-method> <!-- login -->
        <test-method signature="clickOnMultipleContactsTest()[pri:3, instance:com.qa.crm.testcases.ContactPageTest@b7f23d9]" started-at="2021-04-25T01:58:14 IST" name="clickOnMultipleContactsTest" finished-at="2021-04-25T01:58:15 IST" duration-ms="491" status="PASS">
          <reporter-output>
          </reporter-output>
        </test-method> <!-- clickOnMultipleContactsTest -->
        <test-method is-config="true" signature="tearDown()[pri:0, instance:com.qa.crm.testcases.ContactPageTest@b7f23d9]" started-at="2021-04-25T01:58:15 IST" name="tearDown" finished-at="2021-04-25T01:58:16 IST" duration-ms="1200" status="PASS">
          <reporter-output>
          </reporter-output>
        </test-method> <!-- tearDown -->
        <test-method is-config="true" signature="login()[pri:0, instance:com.qa.crm.testcases.ContactPageTest@b7f23d9]" started-at="2021-04-25T01:58:17 IST" name="login" finished-at="2021-04-25T01:58:35 IST" duration-ms="18674" status="PASS">
          <reporter-output>
          </reporter-output>
        </test-method> <!-- login -->
        <test-method signature="validateCreateNewContact(java.lang.String,java.lang.String,java.lang.String,java.lang.String)[pri:4, instance:com.qa.crm.testcases.ContactPageTest@b7f23d9]" started-at="2021-04-25T01:58:35 IST" name="validateCreateNewContact" data-provider="getTestData" finished-at="2021-04-25T01:58:39 IST" duration-ms="3837" status="PASS">
          <params>
            <param index="0">
              <value>
                <![CDATA[Mr.]]>
              </value>
            </param>
            <param index="1">
              <value>
                <![CDATA[Tom]]>
              </value>
            </param>
            <param index="2">
              <value>
                <![CDATA[Peter]]>
              </value>
            </param>
            <param index="3">
              <value>
                <![CDATA[Google]]>
              </value>
            </param>
          </params>
          <reporter-output>
          </reporter-output>
        </test-method> <!-- validateCreateNewContact -->
        <test-method is-config="true" signature="tearDown()[pri:0, instance:com.qa.crm.testcases.ContactPageTest@b7f23d9]" started-at="2021-04-25T01:58:39 IST" name="tearDown" finished-at="2021-04-25T01:58:40 IST" duration-ms="1205" status="PASS">
          <reporter-output>
          </reporter-output>
        </test-method> <!-- tearDown -->
        <test-method is-config="true" signature="login()[pri:0, instance:com.qa.crm.testcases.ContactPageTest@b7f23d9]" started-at="2021-04-25T01:58:40 IST" name="login" finished-at="2021-04-25T01:58:59 IST" duration-ms="18502" status="PASS">
          <reporter-output>
          </reporter-output>
        </test-method> <!-- login -->
        <test-method signature="validateCreateNewContact(java.lang.String,java.lang.String,java.lang.String,java.lang.String)[pri:4, instance:com.qa.crm.testcases.ContactPageTest@b7f23d9]" started-at="2021-04-25T01:58:59 IST" name="validateCreateNewContact" data-provider="getTestData" finished-at="2021-04-25T01:59:02 IST" duration-ms="3374" status="PASS">
          <params>
            <param index="0">
              <value>
                <![CDATA[Dr.]]>
              </value>
            </param>
            <param index="1">
              <value>
                <![CDATA[James]]>
              </value>
            </param>
            <param index="2">
              <value>
                <![CDATA[Mathew]]>
              </value>
            </param>
            <param index="3">
              <value>
                <![CDATA[Amazon]]>
              </value>
            </param>
          </params>
          <reporter-output>
          </reporter-output>
        </test-method> <!-- validateCreateNewContact -->
        <test-method is-config="true" signature="tearDown()[pri:0, instance:com.qa.crm.testcases.ContactPageTest@b7f23d9]" started-at="2021-04-25T01:59:02 IST" name="tearDown" finished-at="2021-04-25T01:59:03 IST" duration-ms="1371" status="PASS">
          <reporter-output>
          </reporter-output>
        </test-method> <!-- tearDown -->
        <test-method is-config="true" signature="login()[pri:0, instance:com.qa.crm.testcases.ContactPageTest@b7f23d9]" started-at="2021-04-25T01:59:03 IST" name="login" finished-at="2021-04-25T01:59:22 IST" duration-ms="18514" status="PASS">
          <reporter-output>
          </reporter-output>
        </test-method> <!-- login -->
        <test-method signature="validateCreateNewContact(java.lang.String,java.lang.String,java.lang.String,java.lang.String)[pri:4, instance:com.qa.crm.testcases.ContactPageTest@b7f23d9]" started-at="2021-04-25T01:59:22 IST" name="validateCreateNewContact" data-provider="getTestData" finished-at="2021-04-25T01:59:26 IST" duration-ms="3647" status="PASS">
          <params>
            <param index="0">
              <value>
                <![CDATA[Mrs.]]>
              </value>
            </param>
            <param index="1">
              <value>
                <![CDATA[Java]]>
              </value>
            </param>
            <param index="2">
              <value>
                <![CDATA[Testing]]>
              </value>
            </param>
            <param index="3">
              <value>
                <![CDATA[Ebay]]>
              </value>
            </param>
          </params>
          <reporter-output>
          </reporter-output>
        </test-method> <!-- validateCreateNewContact -->
        <test-method is-config="true" signature="tearDown()[pri:0, instance:com.qa.crm.testcases.ContactPageTest@b7f23d9]" started-at="2021-04-25T01:59:26 IST" name="tearDown" finished-at="2021-04-25T01:59:27 IST" duration-ms="1349" status="PASS">
          <reporter-output>
          </reporter-output>
        </test-method> <!-- tearDown -->
      </class> <!-- com.qa.crm.testcases.ContactPageTest -->
      <class name="com.qa.crm.testcases.HomePageTest">
        <test-method is-config="true" signature="login()[pri:0, instance:com.qa.crm.testcases.HomePageTest@157632c9]" started-at="2021-04-25T01:59:27 IST" name="login" finished-at="2021-04-25T01:59:45 IST" duration-ms="17615" status="PASS">
          <reporter-output>
          </reporter-output>
        </test-method> <!-- login -->
        <test-method signature="verifyHomePageTitleTest()[pri:1, instance:com.qa.crm.testcases.HomePageTest@157632c9]" started-at="2021-04-25T01:59:45 IST" name="verifyHomePageTitleTest" finished-at="2021-04-25T01:59:45 IST" duration-ms="9" status="PASS">
          <reporter-output>
          </reporter-output>
        </test-method> <!-- verifyHomePageTitleTest -->
        <test-method is-config="true" signature="tearDown()[pri:0, instance:com.qa.crm.testcases.HomePageTest@157632c9]" started-at="2021-04-25T01:59:45 IST" name="tearDown" finished-at="2021-04-25T01:59:46 IST" duration-ms="1229" status="PASS">
          <reporter-output>
          </reporter-output>
        </test-method> <!-- tearDown -->
        <test-method is-config="true" signature="login()[pri:0, instance:com.qa.crm.testcases.HomePageTest@157632c9]" started-at="2021-04-25T01:59:46 IST" name="login" finished-at="2021-04-25T02:00:03 IST" duration-ms="16938" status="PASS">
          <reporter-output>
          </reporter-output>
        </test-method> <!-- login -->
        <test-method signature="verifyHomePageUserNameTest()[pri:2, instance:com.qa.crm.testcases.HomePageTest@157632c9]" started-at="2021-04-25T02:00:03 IST" name="verifyHomePageUserNameTest" finished-at="2021-04-25T02:00:03 IST" duration-ms="74" status="PASS">
          <reporter-output>
          </reporter-output>
        </test-method> <!-- verifyHomePageUserNameTest -->
        <test-method is-config="true" signature="tearDown()[pri:0, instance:com.qa.crm.testcases.HomePageTest@157632c9]" started-at="2021-04-25T02:00:03 IST" name="tearDown" finished-at="2021-04-25T02:00:04 IST" duration-ms="1341" status="PASS">
          <reporter-output>
          </reporter-output>
        </test-method> <!-- tearDown -->
        <test-method is-config="true" signature="login()[pri:0, instance:com.qa.crm.testcases.HomePageTest@157632c9]" started-at="2021-04-25T02:00:04 IST" name="login" finished-at="2021-04-25T02:00:22 IST" duration-ms="17301" status="PASS">
          <reporter-output>
          </reporter-output>
        </test-method> <!-- login -->
        <test-method signature="verifyContactsLinkTest()[pri:3, instance:com.qa.crm.testcases.HomePageTest@157632c9]" started-at="2021-04-25T02:00:22 IST" name="verifyContactsLinkTest" finished-at="2021-04-25T02:00:23 IST" duration-ms="1200" status="PASS">
          <reporter-output>
          </reporter-output>
        </test-method> <!-- verifyContactsLinkTest -->
        <test-method is-config="true" signature="tearDown()[pri:0, instance:com.qa.crm.testcases.HomePageTest@157632c9]" started-at="2021-04-25T02:00:23 IST" name="tearDown" finished-at="2021-04-25T02:00:24 IST" duration-ms="1321" status="PASS">
          <reporter-output>
          </reporter-output>
        </test-method> <!-- tearDown -->
      </class> <!-- com.qa.crm.testcases.HomePageTest -->
    </test> <!-- Surefire test -->
  </suite> <!-- Surefire suite -->
</testng-results>
