<?xml version="1.0" encoding="UTF-8"?>
<testsuite xmlns:xsi="http://www.w3.org/2001/XMLSchema-instance" xsi:noNamespaceSchemaLocation="https://maven.apache.org/surefire/maven-surefire-plugin/xsd/surefire-test-report.xsd" name="TestSuite" time="237.938" tests="12" errors="0" skipped="0" failures="0">
  <properties>
[...]
</properties>
  <testcase name="verifyContactsLabelTest" classname="com.qa.crm.testcases.ContactPageTest" time="0.072"/>
  <testcase name="clickOnSingleContactsTest" classname="com.qa.crm.testcases.ContactPageTest" time="0.253"/>
  <testcase name="clickOnMultipleContactsTest" classname="com.qa.crm.testcases.ContactPageTest" time="0.49"/>
  <testcase name="validateCreateNewContact" classname="com.qa.crm.testcases.ContactPageTest" time="3.843"/>
  <testcase name="validateCreateNewContact" classname="com.qa.crm.testcases.ContactPageTest" time="3.374"/>
  <testcase name="validateCreateNewContact" classname="com.qa.crm.testcases.ContactPageTest" time="3.648"/>
  <testcase name="verifyHomePageTitleTest" classname="com.qa.crm.testcases.HomePageTest" time="0.008"/>
  <testcase name="verifyHomePageUserNameTest" classname="com.qa.crm.testcases.HomePageTest" time="0.073"/>
  <testcase name="verifyContactsLinkTest" classname="com.qa.crm.testcases.HomePageTest" time="1.199"/>
  <testcase name="titleTest" classname="com.qa.crm.testcases.LoginPageTest" time="0.014"/>
  <testcase name="crmLogoTest" classname="com.qa.crm.testcases.LoginPageTest" time="0.079"/>
  <testcase name="loginTest" classname="com.qa.crm.testcases.LoginPageTest" time="7.508"/>
</testsuite>