<?xml version="1.0" encoding="UTF-8"?>
<!-- Generated by org.testng.reporters.JUnitXMLReporter -->
<testsuite ignored="0" hostname="LloydWalton" failures="0" tests="6" name="Default test" time="124.113" errors="0" timestamp="2021-04-23T23:01:20 IST">
  <testcase classname="com.qa.crm.testcases.ContactPageTest" name="verifyContactsLabelTest" time="0.056"/>
  <testcase classname="com.qa.crm.testcases.ContactPageTest" name="clickOnSingleContactsTest" time="0.233"/>
  <testcase classname="com.qa.crm.testcases.ContactPageTest" name="clickOnMultipleContactsTest" time="0.464"/>
  <testcase classname="com.qa.crm.testcases.ContactPageTest" name="validateCreateNewContact" time="3.219"/>
  <testcase classname="com.qa.crm.testcases.ContactPageTest" name="validateCreateNewContact" time="3.108"/>
  <testcase classname="com.qa.crm.testcases.ContactPageTest" name="validateCreateNewContact" time="3.151"/>
</testsuite> <!-- Default test -->
